<?xml version="1.0" encoding="UTF-8"?>
<testsuite name="ai.opencode.mobile.data.remote.OpenCodeClientTest" tests="4" skipped="0" failures="0" errors="0" timestamp="2026-09-13T02:06:40" hostname="prod" time="0.006">
  <properties/>
  <testcase name="stripsTrailingSlash" classname="ai.opencode.mobile.data.remote.OpenCodeClientTest" time="0.004"/>
  <testcase name="trimsWhitespace" classname="ai.opencode.mobile.data.remote.OpenCodeClientTest" time="0.0"/>
  <testcase name="addsHttpSchemeWhenMissing" classname="ai.opencode.mobile.data.remote.OpenCodeClientTest" time="0.001"/>
  <testcase name="keepsHttpsScheme" classname="ai.opencode.mobile.data.remote.OpenCodeClientTest" time="0.0"/>
  <system-out><![CDATA[]]></system-out>
  <system-err><![CDATA[]]></system-err>
</testsuite>
