<?xml version="1.0" encoding="UTF-8"?>
<testsuite name="ai.opencode.mobile.data.ChatReducersTest" tests="4" skipped="0" failures="0" errors="0" timestamp="2026-09-13T02:06:40" hostname="prod" time="0.072">
  <properties/>
  <testcase name="upsertPartForUnknownMessageIsIgnored" classname="ai.opencode.mobile.data.ChatReducersTest" time="0.05"/>
  <testcase name="upsertPartAppendsAndUpdatesById" classname="ai.opencode.mobile.data.ChatReducersTest" time="0.016"/>
  <testcase name="upsertMessageAddsThenReplacesInPlace" classname="ai.opencode.mobile.data.ChatReducersTest" time="0.0"/>
  <testcase name="deltaAppendsToExistingPartOnly" classname="ai.opencode.mobile.data.ChatReducersTest" time="0.003"/>
  <system-out><![CDATA[]]></system-out>
  <system-err><![CDATA[]]></system-err>
</testsuite>
