<?xml version="1.0" encoding="UTF-8"?>
<testsuite name="ai.opencode.mobile.data.remote.DtoParsingTest" tests="3" skipped="0" failures="0" errors="0" timestamp="2026-09-13T02:06:40" hostname="prod" time="0.106">
  <properties/>
  <testcase name="parsesSessionFromServerEvent" classname="ai.opencode.mobile.data.remote.DtoParsingTest" time="0.095"/>
  <testcase name="parsesCompletedToolPart" classname="ai.opencode.mobile.data.remote.DtoParsingTest" time="0.006"/>
  <testcase name="parsesMessageWithPartsEnvelope" classname="ai.opencode.mobile.data.remote.DtoParsingTest" time="0.004"/>
  <system-out><![CDATA[]]></system-out>
  <system-err><![CDATA[]]></system-err>
</testsuite>
